<?xml version="1.0" encoding="UTF-8"?>
<!-- Generated by org.testng.reporters.JUnitXMLReporter -->
<testsuite ignored="3" hostname="Uvarajashanmugams-MacBook-Pro.local" failures="0" tests="1" name="Default test" time="1.77" errors="0" timestamp="2023-04-25T14:08:36 EDT">
  <testcase classname="Scrapingdata.RecipeScraping" name="eliminatingRecipes" time="1.73"/>
  <testcase classname="Scrapingdata.RecipeScraping" name="pagination" time="0.0">
    <ignored/>
  </testcase> <!-- pagination -->
  <testcase classname="Scrapingdata.RecipeScraping" name="enterRecipe" time="0.0">
    <ignored/>
  </testcase> <!-- enterRecipe -->
  <testcase classname="Scrapingdata.RecipeScraping" name="launchBrowser" time="0.0">
    <ignored/>
  </testcase> <!-- launchBrowser -->
</testsuite> <!-- Default test -->
