<?xml version="1.0" encoding="UTF-8"?>
<testng-results ignored="3" total="4" passed="1" failed="0" skipped="0">
  <reporter-output>
  </reporter-output>
  <suite started-at="2023-04-25T14:08:34 EDT" name="Default suite" finished-at="2023-04-25T14:08:36 EDT" duration-ms="1770">
    <groups>
    </groups>
    <test started-at="2023-04-25T14:08:34 EDT" name="Default test" finished-at="2023-04-25T14:08:36 EDT" duration-ms="1770">
      <class name="Scrapingdata.RecipeScraping">
        <test-method signature="eliminatingRecipes()[pri:4, instance:Scrapingdata.RecipeScraping@1ed1993a]" started-at="2023-04-25T14:08:34 EDT" name="eliminatingRecipes" finished-at="2023-04-25T14:08:36 EDT" duration-ms="1730" status="PASS">
          <reporter-output>
          </reporter-output>
        </test-method> <!-- eliminatingRecipes -->
      </class> <!-- Scrapingdata.RecipeScraping -->
    </test> <!-- Default test -->
  </suite> <!-- Default suite -->
</testng-results>
